# JRE version: OpenJDK Runtime Environment Temurin-21.0.8+9 (21.0.8+9) (build 21.0.8+9-LTS)
# Java VM: OpenJDK 64-Bit Server VM Temurin-21.0.8+9 (21.0.8+9-LTS, mixed mode, sharing, tiered, compressed oops, compressed class ptrs, parallel gc, windows-amd64)
GC Precious Log:
 CardTable entry size: 512
 CPUs: 16 total, 16 available
 Memory: 16159M
 Large Page Support: Disabled
 NUMA Support: Disabled
 Compressed Oops: Enabled (32-bit)
 Alignments: Space 512K, Generation 512K, Heap 2M
 Heap Min Capacity: 100M
 Heap Initial Capacity: 100M
 Heap Max Capacity: 2G
 Pre-touch: Disabled
 Parallel Workers: 13
Heap:
 PSYoungGen      total 20480K, used 17065K [0x00000000d5580000, 0x00000000d6a80000, 0x0000000100000000)
  eden space 19456K, 83% used [0x00000000d5580000,0x00000000d655a7d8,0x00000000d6880000)
  from space 1024K, 81% used [0x00000000d6880000,0x00000000d6950000,0x00000000d6980000)
  to   space 1024K, 0% used [0x00000000d6980000,0x00000000d6980000,0x00000000d6a80000)
 ParOldGen       total 68608K, used 49424K [0x0000000080000000, 0x0000000084300000, 0x00000000d5580000)
  object space 68608K, 72% used [0x0000000080000000,0x00000000830442e0,0x0000000084300000)
 Metaspace       used 60740K, committed 62208K, reserved 1114112K
  class space    used 6387K, committed 7040K, reserved 1048576K
GC Heap History (20 events):
Event: 9.476 GC heap before
{Heap before GC invocations=51 (full 2):
 PSYoungGen      total 20480K, used 20288K [0x00000000d5580000, 0x00000000d6b00000, 0x0000000100000000)
  eden space 19456K, 100% used [0x00000000d5580000,0x00000000d6880000,0x00000000d6880000)
  from space 1024K, 81% used [0x00000000d6a00000,0x00000000d6ad0000,0x00000000d6b00000)
  to   space 1024K, 0% used [0x00000000d6900000,0x00000000d6900000,0x00000000d6a00000)
 ParOldGen       total 68608K, used 65685K [0x0000000080000000, 0x0000000084300000, 0x00000000d5580000)
  object space 68608K, 95% used [0x0000000080000000,0x0000000084025680,0x0000000084300000)
 Metaspace       used 53529K, committed 54848K, reserved 1114112K
  class space    used 5673K, committed 6272K, reserved 1048576K
}
Event: 9.477 GC heap after
{Heap after GC invocations=51 (full 2):
 PSYoungGen      total 20480K, used 721K [0x00000000d5580000, 0x00000000d6a80000, 0x0000000100000000)
  eden space 19456K, 0% used [0x00000000d5580000,0x00000000d5580000,0x00000000d6880000)
  from space 1024K, 70% used [0x00000000d6900000,0x00000000d69b46b0,0x00000000d6a00000)
  to   space 512K, 0% used [0x00000000d6a00000,0x00000000d6a00000,0x00000000d6a80000)
 ParOldGen       total 68608K, used 66370K [0x0000000080000000, 0x0000000084300000, 0x00000000d5580000)
  object space 68608K, 96% used [0x0000000080000000,0x00000000840d09d8,0x0000000084300000)
 Metaspace       used 53529K, committed 54848K, reserved 1114112K
  class space    used 5673K, committed 6272K, reserved 1048576K
}
Event: 9.674 GC heap before
{Heap before GC invocations=52 (full 2):
 PSYoungGen      total 20480K, used 20177K [0x00000000d5580000, 0x00000000d6a80000, 0x0000000100000000)
  eden space 19456K, 100% used [0x00000000d5580000,0x00000000d6880000,0x00000000d6880000)
  from space 1024K, 70% used [0x00000000d6900000,0x00000000d69b46b0,0x00000000d6a00000)
  to   space 512K, 0% used [0x00000000d6a00000,0x00000000d6a00000,0x00000000d6a80000)
 ParOldGen       total 68608K, used 66370K [0x0000000080000000, 0x0000000084300000, 0x00000000d5580000)
  object space 68608K, 96% used [0x0000000080000000,0x00000000840d09d8,0x0000000084300000)
 Metaspace       used 53578K, committed 54912K, reserved 1114112K
  class space    used 5673K, committed 6272K, reserved 1048576K
}
Event: 9.675 GC heap after
{Heap after GC invocations=52 (full 2):
 PSYoungGen      total 19968K, used 480K [0x00000000d5580000, 0x00000000d6a80000, 0x0000000100000000)
  eden space 19456K, 0% used [0x00000000d5580000,0x00000000d5580000,0x00000000d6880000)
  from space 512K, 93% used [0x00000000d6a00000,0x00000000d6a78000,0x00000000d6a80000)
  to   space 1024K, 0% used [0x00000000d6880000,0x00000000d6880000,0x00000000d6980000)
 ParOldGen       total 68608K, used 66690K [0x0000000080000000, 0x0000000084300000, 0x00000000d5580000)
  object space 68608K, 97% used [0x0000000080000000,0x00000000841209d8,0x0000000084300000)
 Metaspace       used 53578K, committed 54912K, reserved 1114112K
  class space    used 5673K, committed 6272K, reserved 1048576K
}
Event: 9.930 GC heap before
{Heap before GC invocations=53 (full 2):
 PSYoungGen      total 19968K, used 19936K [0x00000000d5580000, 0x00000000d6a80000, 0x0000000100000000)
  eden space 19456K, 100% used [0x00000000d5580000,0x00000000d6880000,0x00000000d6880000)
  from space 512K, 93% used [0x00000000d6a00000,0x00000000d6a78000,0x00000000d6a80000)
  to   space 1024K, 0% used [0x00000000d6880000,0x00000000d6880000,0x00000000d6980000)
 ParOldGen       total 68608K, used 66690K [0x0000000080000000, 0x0000000084300000, 0x00000000d5580000)
  object space 68608K, 97% used [0x0000000080000000,0x00000000841209d8,0x0000000084300000)
 Metaspace       used 54328K, committed 55744K, reserved 1114112K
  class space    used 5772K, committed 6336K, reserved 1048576K
}
Event: 9.932 GC heap after
{Heap after GC invocations=53 (full 2):
 PSYoungGen      total 20480K, used 572K [0x00000000d5580000, 0x00000000d6a80000, 0x0000000100000000)
  eden space 19456K, 0% used [0x00000000d5580000,0x00000000d5580000,0x00000000d6880000)
  from space 1024K, 55% used [0x00000000d6880000,0x00000000d690f3d8,0x00000000d6980000)
  to   space 1024K, 0% used [0x00000000d6980000,0x00000000d6980000,0x00000000d6a80000)
 ParOldGen       total 68608K, used 66890K [0x0000000080000000, 0x0000000084300000, 0x00000000d5580000)
  object space 68608K, 97% used [0x0000000080000000,0x00000000841529d8,0x0000000084300000)
 Metaspace       used 54328K, committed 55744K, reserved 1114112K
  class space    used 5772K, committed 6336K, reserved 1048576K
}
Event: 10.263 GC heap before
{Heap before GC invocations=54 (full 2):
 PSYoungGen      total 20480K, used 20028K [0x00000000d5580000, 0x00000000d6a80000, 0x0000000100000000)
  eden space 19456K, 100% used [0x00000000d5580000,0x00000000d6880000,0x00000000d6880000)
  from space 1024K, 55% used [0x00000000d6880000,0x00000000d690f3d8,0x00000000d6980000)
  to   space 1024K, 0% used [0x00000000d6980000,0x00000000d6980000,0x00000000d6a80000)
 ParOldGen       total 68608K, used 66890K [0x0000000080000000, 0x0000000084300000, 0x00000000d5580000)
  object space 68608K, 97% used [0x0000000080000000,0x00000000841529d8,0x0000000084300000)
 Metaspace       used 55741K, committed 57216K, reserved 1114112K
  class space    used 5961K, committed 6592K, reserved 1048576K
}
Event: 10.264 GC heap after
{Heap after GC invocations=54 (full 2):
 PSYoungGen      total 20480K, used 712K [0x00000000d5580000, 0x00000000d6a80000, 0x0000000100000000)
  eden space 19456K, 0% used [0x00000000d5580000,0x00000000d5580000,0x00000000d6880000)
  from space 1024K, 69% used [0x00000000d6980000,0x00000000d6a32220,0x00000000d6a80000)
  to   space 1024K, 0% used [0x00000000d6880000,0x00000000d6880000,0x00000000d6980000)
 ParOldGen       total 68608K, used 67277K [0x0000000080000000, 0x0000000084300000, 0x00000000d5580000)
  object space 68608K, 98% used [0x0000000080000000,0x00000000841b36b8,0x0000000084300000)
 Metaspace       used 55741K, committed 57216K, reserved 1114112K
  class space    used 5961K, committed 6592K, reserved 1048576K
}
Event: 10.509 GC heap before
{Heap before GC invocations=55 (full 2):
 PSYoungGen      total 20480K, used 20168K [0x00000000d5580000, 0x00000000d6a80000, 0x0000000100000000)
  eden space 19456K, 100% used [0x00000000d5580000,0x00000000d6880000,0x00000000d6880000)
  from space 1024K, 69% used [0x00000000d6980000,0x00000000d6a32220,0x00000000d6a80000)
  to   space 1024K, 0% used [0x00000000d6880000,0x00000000d6880000,0x00000000d6980000)
 ParOldGen       total 68608K, used 67277K [0x0000000080000000, 0x0000000084300000, 0x00000000d5580000)
  object space 68608K, 98% used [0x0000000080000000,0x00000000841b36b8,0x0000000084300000)
 Metaspace       used 57007K, committed 58432K, reserved 1114112K
  class space    used 6075K, committed 6656K, reserved 1048576K
}
Event: 10.510 GC heap after
{Heap after GC invocations=55 (full 2):
 PSYoungGen      total 20480K, used 448K [0x00000000d5580000, 0x00000000d6a80000, 0x0000000100000000)
  eden space 19456K, 0% used [0x00000000d5580000,0x00000000d5580000,0x00000000d6880000)
  from space 1024K, 43% used [0x00000000d6880000,0x00000000d68f0000,0x00000000d6980000)
  to   space 1024K, 0% used [0x00000000d6980000,0x00000000d6980000,0x00000000d6a80000)
 ParOldGen       total 68608K, used 67781K [0x0000000080000000, 0x0000000084300000, 0x00000000d5580000)
  object space 68608K, 98% used [0x0000000080000000,0x00000000842315e0,0x0000000084300000)
 Metaspace       used 57007K, committed 58432K, reserved 1114112K
  class space    used 6075K, committed 6656K, reserved 1048576K
}
Event: 10.675 GC heap before
{Heap before GC invocations=56 (full 2):
 PSYoungGen      total 20480K, used 12483K [0x00000000d5580000, 0x00000000d6a80000, 0x0000000100000000)
  eden space 19456K, 61% used [0x00000000d5580000,0x00000000d6140c70,0x00000000d6880000)
  from space 1024K, 43% used [0x00000000d6880000,0x00000000d68f0000,0x00000000d6980000)
  to   space 1024K, 0% used [0x00000000d6980000,0x00000000d6980000,0x00000000d6a80000)
 ParOldGen       total 68608K, used 67781K [0x0000000080000000, 0x0000000084300000, 0x00000000d5580000)
  object space 68608K, 98% used [0x0000000080000000,0x00000000842315e0,0x0000000084300000)
 Metaspace       used 58345K, committed 59776K, reserved 1114112K
  class space    used 6230K, committed 6848K, reserved 1048576K
}
Event: 10.677 GC heap after
{Heap after GC invocations=56 (full 2):
 PSYoungGen      total 20480K, used 608K [0x00000000d5580000, 0x00000000d6a80000, 0x0000000100000000)
  eden space 19456K, 0% used [0x00000000d5580000,0x00000000d5580000,0x00000000d6880000)
  from space 1024K, 59% used [0x00000000d6980000,0x00000000d6a18000,0x00000000d6a80000)
  to   space 1024K, 0% used [0x00000000d6880000,0x00000000d6880000,0x00000000d6980000)
 ParOldGen       total 68608K, used 68093K [0x0000000080000000, 0x0000000084300000, 0x00000000d5580000)
  object space 68608K, 99% used [0x0000000080000000,0x000000008427f5e0,0x0000000084300000)
 Metaspace       used 58345K, committed 59776K, reserved 1114112K
  class space    used 6230K, committed 6848K, reserved 1048576K
}
Event: 10.677 GC heap before
{Heap before GC invocations=57 (full 3):
 PSYoungGen      total 20480K, used 608K [0x00000000d5580000, 0x00000000d6a80000, 0x0000000100000000)
  eden space 19456K, 0% used [0x00000000d5580000,0x00000000d5580000,0x00000000d6880000)
  from space 1024K, 59% used [0x00000000d6980000,0x00000000d6a18000,0x00000000d6a80000)
  to   space 1024K, 0% used [0x00000000d6880000,0x00000000d6880000,0x00000000d6980000)
 ParOldGen       total 68608K, used 68093K [0x0000000080000000, 0x0000000084300000, 0x00000000d5580000)
  object space 68608K, 99% used [0x0000000080000000,0x000000008427f5e0,0x0000000084300000)
 Metaspace       used 58345K, committed 59776K, reserved 1114112K
  class space    used 6230K, committed 6848K, reserved 1048576K
}
Event: 10.761 GC heap after
{Heap after GC invocations=57 (full 3):
 PSYoungGen      total 20480K, used 0K [0x00000000d5580000, 0x00000000d6a80000, 0x0000000100000000)
  eden space 19456K, 0% used [0x00000000d5580000,0x00000000d5580000,0x00000000d6880000)
  from space 1024K, 0% used [0x00000000d6980000,0x00000000d6980000,0x00000000d6a80000)
  to   space 1024K, 0% used [0x00000000d6880000,0x00000000d6880000,0x00000000d6980000)
 ParOldGen       total 68608K, used 49034K [0x0000000080000000, 0x0000000084300000, 0x00000000d5580000)
  object space 68608K, 71% used [0x0000000080000000,0x0000000082fe2928,0x0000000084300000)
 Metaspace       used 58341K, committed 59776K, reserved 1114112K
  class space    used 6229K, committed 6848K, reserved 1048576K
}
Event: 10.852 GC heap before
{Heap before GC invocations=58 (full 3):
 PSYoungGen      total 20480K, used 19456K [0x00000000d5580000, 0x00000000d6a80000, 0x0000000100000000)
  eden space 19456K, 100% used [0x00000000d5580000,0x00000000d6880000,0x00000000d6880000)
  from space 1024K, 0% used [0x00000000d6980000,0x00000000d6980000,0x00000000d6a80000)
  to   space 1024K, 0% used [0x00000000d6880000,0x00000000d6880000,0x00000000d6980000)
 ParOldGen       total 68608K, used 49034K [0x0000000080000000, 0x0000000084300000, 0x00000000d5580000)
  object space 68608K, 71% used [0x0000000080000000,0x0000000082fe2928,0x0000000084300000)
 Metaspace       used 58395K, committed 59840K, reserved 1114112K
  class space    used 6232K, committed 6848K, reserved 1048576K
}
Event: 10.853 GC heap after
{Heap after GC invocations=58 (full 3):
 PSYoungGen      total 20480K, used 994K [0x00000000d5580000, 0x00000000d6b80000, 0x0000000100000000)
  eden space 19456K, 0% used [0x00000000d5580000,0x00000000d5580000,0x00000000d6880000)
  from space 1024K, 97% used [0x00000000d6880000,0x00000000d6978b68,0x00000000d6980000)
  to   space 1536K, 0% used [0x00000000d6a00000,0x00000000d6a00000,0x00000000d6b80000)
 ParOldGen       total 68608K, used 49264K [0x0000000080000000, 0x0000000084300000, 0x00000000d5580000)
  object space 68608K, 71% used [0x0000000080000000,0x000000008301c2e0,0x0000000084300000)
 Metaspace       used 58395K, committed 59840K, reserved 1114112K
  class space    used 6232K, committed 6848K, reserved 1048576K
}
Event: 10.955 GC heap before
{Heap before GC invocations=59 (full 3):
 PSYoungGen      total 20480K, used 20450K [0x00000000d5580000, 0x00000000d6b80000, 0x0000000100000000)
  eden space 19456K, 100% used [0x00000000d5580000,0x00000000d6880000,0x00000000d6880000)
  from space 1024K, 97% used [0x00000000d6880000,0x00000000d6978b68,0x00000000d6980000)
  to   space 1536K, 0% used [0x00000000d6a00000,0x00000000d6a00000,0x00000000d6b80000)
 ParOldGen       total 68608K, used 49264K [0x0000000080000000, 0x0000000084300000, 0x00000000d5580000)
  object space 68608K, 71% used [0x0000000080000000,0x000000008301c2e0,0x0000000084300000)
 Metaspace       used 59092K, committed 60544K, reserved 1114112K
  class space    used 6288K, committed 6912K, reserved 1048576K
}
Event: 10.956 GC heap after
{Heap after GC invocations=59 (full 3):
 PSYoungGen      total 19968K, used 256K [0x00000000d5580000, 0x00000000d6a80000, 0x0000000100000000)
  eden space 19456K, 0% used [0x00000000d5580000,0x00000000d5580000,0x00000000d6880000)
  from space 512K, 50% used [0x00000000d6a00000,0x00000000d6a40000,0x00000000d6a80000)
  to   space 1024K, 0% used [0x00000000d6880000,0x00000000d6880000,0x00000000d6980000)
 ParOldGen       total 68608K, used 49368K [0x0000000080000000, 0x0000000084300000, 0x00000000d5580000)
  object space 68608K, 71% used [0x0000000080000000,0x00000000830362e0,0x0000000084300000)
 Metaspace       used 59092K, committed 60544K, reserved 1114112K
  class space    used 6288K, committed 6912K, reserved 1048576K
}
Event: 11.387 GC heap before
{Heap before GC invocations=60 (full 3):
 PSYoungGen      total 19968K, used 19712K [0x00000000d5580000, 0x00000000d6a80000, 0x0000000100000000)
  eden space 19456K, 100% used [0x00000000d5580000,0x00000000d6880000,0x00000000d6880000)
  from space 512K, 50% used [0x00000000d6a00000,0x00000000d6a40000,0x00000000d6a80000)
  to   space 1024K, 0% used [0x00000000d6880000,0x00000000d6880000,0x00000000d6980000)
 ParOldGen       total 68608K, used 49368K [0x0000000080000000, 0x0000000084300000, 0x00000000d5580000)
  object space 68608K, 71% used [0x0000000080000000,0x00000000830362e0,0x0000000084300000)
 Metaspace       used 60300K, committed 61824K, reserved 1114112K
  class space    used 6369K, committed 7040K, reserved 1048576K
}
Event: 11.389 GC heap after
{Heap after GC invocations=60 (full 3):
 PSYoungGen      total 20480K, used 832K [0x00000000d5580000, 0x00000000d6a80000, 0x0000000100000000)
  eden space 19456K, 0% used [0x00000000d5580000,0x00000000d5580000,0x00000000d6880000)
  from space 1024K, 81% used [0x00000000d6880000,0x00000000d6950000,0x00000000d6980000)
  to   space 1024K, 0% used [0x00000000d6980000,0x00000000d6980000,0x00000000d6a80000)
 ParOldGen       total 68608K, used 49424K [0x0000000080000000, 0x0000000084300000, 0x00000000d5580000)
  object space 68608K, 72% used [0x0000000080000000,0x00000000830442e0,0x0000000084300000)
 Metaspace       used 60300K, committed 61824K, reserved 1114112K
  class space    used 6369K, committed 7040K, reserved 1048576K
}

