# JRE version: Java(TM) SE Runtime Environment (21.0.2+13) (build 21.0.2+13-LTS-58)
# Java VM: Java HotSpot(TM) 64-Bit Server VM (21.0.2+13-LTS-58, mixed mode, emulated-client, sharing, tiered, compressed oops, compressed class ptrs, g1 gc, windows-amd64)
GC Precious Log:
 CardTable entry size: 512
 Card Set container configuration: InlinePtr #cards 4 size 8 Array Of Cards #cards 16 size 48 Howl #buckets 8 coarsen threshold 3686 Howl Bitmap #cards 512 size 80 coarsen threshold 460 Card regions per heap region 1 cards per card region 4096
 CPUs: 16 total, 16 available
 Memory: 16159M
 Large Page Support: Disabled
 NUMA Support: Disabled
 Compressed Oops: Enabled (Zero based)
 Heap Region Size: 2M
 Heap Min Capacity: 8M
 Heap Initial Capacity: 254M
 Heap Max Capacity: 4040M
 Pre-touch: Disabled
 Parallel Workers: 13
 Concurrent Workers: 3
 Concurrent Refinement Workers: 13
 Periodic GC: Disabled
Heap:
 garbage-first heap   total 75776K, used 28019K [0x0000000703800000, 0x0000000800000000)
  region size 2048K, 6 young (12288K), 2 survivors (4096K)
 Metaspace       used 47869K, committed 48512K, reserved 1114112K
  class space    used 6488K, committed 6784K, reserved 1048576K
GC Heap History (20 events):
Event: 370.508 GC heap before
{Heap before GC invocations=13 (full 1):
 garbage-first heap   total 61440K, used 47974K [0x0000000703800000, 0x0000000800000000)
  region size 2048K, 17 young (34816K), 0 survivors (0K)
 Metaspace       used 39195K, committed 40128K, reserved 1114112K
  class space    used 5426K, committed 5824K, reserved 1048576K
}
Event: 370.511 GC heap after
{Heap after GC invocations=14 (full 1):
 garbage-first heap   total 61440K, used 19917K [0x0000000703800000, 0x0000000800000000)
  region size 2048K, 3 young (6144K), 3 survivors (6144K)
 Metaspace       used 39195K, committed 40128K, reserved 1114112K
  class space    used 5426K, committed 5824K, reserved 1048576K
}
Event: 370.645 GC heap before
{Heap before GC invocations=14 (full 1):
 garbage-first heap   total 61440K, used 44493K [0x0000000703800000, 0x0000000800000000)
  region size 2048K, 16 young (32768K), 3 survivors (6144K)
 Metaspace       used 39419K, committed 40128K, reserved 1114112K
  class space    used 5461K, committed 5824K, reserved 1048576K
}
Event: 370.647 GC heap after
{Heap after GC invocations=15 (full 1):
 garbage-first heap   total 61440K, used 21293K [0x0000000703800000, 0x0000000800000000)
  region size 2048K, 2 young (4096K), 2 survivors (4096K)
 Metaspace       used 39419K, committed 40128K, reserved 1114112K
  class space    used 5461K, committed 5824K, reserved 1048576K
}
Event: 372.144 GC heap before
{Heap before GC invocations=15 (full 1):
 garbage-first heap   total 61440K, used 27437K [0x0000000703800000, 0x0000000800000000)
  region size 2048K, 6 young (12288K), 2 survivors (4096K)
 Metaspace       used 39430K, committed 40128K, reserved 1114112K
  class space    used 5464K, committed 5824K, reserved 1048576K
}
Event: 372.177 GC heap after
{Heap after GC invocations=16 (full 2):
 garbage-first heap   total 61440K, used 17782K [0x0000000703800000, 0x0000000800000000)
  region size 2048K, 0 young (0K), 0 survivors (0K)
 Metaspace       used 39324K, committed 40128K, reserved 1114112K
  class space    used 5437K, committed 5824K, reserved 1048576K
}
Event: 372.440 GC heap before
{Heap before GC invocations=16 (full 2):
 garbage-first heap   total 61440K, used 50550K [0x0000000703800000, 0x0000000800000000)
  region size 2048K, 16 young (32768K), 0 survivors (0K)
 Metaspace       used 39389K, committed 40128K, reserved 1114112K
  class space    used 5453K, committed 5824K, reserved 1048576K
}
Event: 372.444 GC heap after
{Heap after GC invocations=17 (full 2):
 garbage-first heap   total 61440K, used 20859K [0x0000000703800000, 0x0000000800000000)
  region size 2048K, 2 young (4096K), 2 survivors (4096K)
 Metaspace       used 39389K, committed 40128K, reserved 1114112K
  class space    used 5453K, committed 5824K, reserved 1048576K
}
Event: 372.598 GC heap before
{Heap before GC invocations=17 (full 2):
 garbage-first heap   total 61440K, used 47483K [0x0000000703800000, 0x0000000800000000)
  region size 2048K, 16 young (32768K), 2 survivors (4096K)
 Metaspace       used 39541K, committed 40192K, reserved 1114112K
  class space    used 5470K, committed 5824K, reserved 1048576K
}
Event: 372.600 GC heap after
{Heap after GC invocations=18 (full 2):
 garbage-first heap   total 161792K, used 21748K [0x0000000703800000, 0x0000000800000000)
  region size 2048K, 1 young (2048K), 1 survivors (2048K)
 Metaspace       used 39541K, committed 40192K, reserved 1114112K
  class space    used 5470K, committed 5824K, reserved 1048576K
}
Event: 678.089 GC heap before
{Heap before GC invocations=18 (full 2):
 garbage-first heap   total 161792K, used 79092K [0x0000000703800000, 0x0000000800000000)
  region size 2048K, 31 young (63488K), 1 survivors (2048K)
 Metaspace       used 47090K, committed 47808K, reserved 1114112K
  class space    used 6395K, committed 6720K, reserved 1048576K
}
Event: 678.117 GC heap after
{Heap after GC invocations=19 (full 3):
 garbage-first heap   total 90112K, used 20543K [0x0000000703800000, 0x0000000800000000)
  region size 2048K, 0 young (0K), 0 survivors (0K)
 Metaspace       used 47084K, committed 47808K, reserved 1114112K
  class space    used 6394K, committed 6720K, reserved 1048576K
}
Event: 678.441 GC heap before
{Heap before GC invocations=19 (full 3):
 garbage-first heap   total 90112K, used 69695K [0x0000000703800000, 0x0000000800000000)
  region size 2048K, 25 young (51200K), 0 survivors (0K)
 Metaspace       used 47299K, committed 48000K, reserved 1114112K
  class space    used 6426K, committed 6720K, reserved 1048576K
}
Event: 678.443 GC heap after
{Heap after GC invocations=20 (full 3):
 garbage-first heap   total 90112K, used 23997K [0x0000000703800000, 0x0000000800000000)
  region size 2048K, 2 young (4096K), 2 survivors (4096K)
 Metaspace       used 47299K, committed 48000K, reserved 1114112K
  class space    used 6426K, committed 6720K, reserved 1048576K
}
Event: 679.994 GC heap before
{Heap before GC invocations=20 (full 3):
 garbage-first heap   total 90112K, used 34237K [0x0000000703800000, 0x0000000800000000)
  region size 2048K, 8 young (16384K), 2 survivors (4096K)
 Metaspace       used 47302K, committed 48000K, reserved 1114112K
  class space    used 6426K, committed 6720K, reserved 1048576K
}
Event: 680.016 GC heap after
{Heap after GC invocations=21 (full 4):
 garbage-first heap   total 75776K, used 19882K [0x0000000703800000, 0x0000000800000000)
  region size 2048K, 0 young (0K), 0 survivors (0K)
 Metaspace       used 47145K, committed 48000K, reserved 1114112K
  class space    used 6385K, committed 6720K, reserved 1048576K
}
Event: 680.238 GC heap before
{Heap before GC invocations=21 (full 4):
 garbage-first heap   total 75776K, used 60842K [0x0000000703800000, 0x0000000800000000)
  region size 2048K, 21 young (43008K), 0 survivors (0K)
 Metaspace       used 47239K, committed 48000K, reserved 1114112K
  class space    used 6404K, committed 6720K, reserved 1048576K
}
Event: 680.240 GC heap after
{Heap after GC invocations=22 (full 4):
 garbage-first heap   total 75776K, used 23219K [0x0000000703800000, 0x0000000800000000)
  region size 2048K, 2 young (4096K), 2 survivors (4096K)
 Metaspace       used 47239K, committed 48000K, reserved 1114112K
  class space    used 6404K, committed 6720K, reserved 1048576K
}
Event: 804.280 GC heap before
{Heap before GC invocations=22 (full 4):
 garbage-first heap   total 75776K, used 53939K [0x0000000703800000, 0x0000000800000000)
  region size 2048K, 19 young (38912K), 2 survivors (4096K)
 Metaspace       used 47662K, committed 48320K, reserved 1114112K
  class space    used 6450K, committed 6720K, reserved 1048576K
}
Event: 804.328 GC heap after
{Heap after GC invocations=23 (full 5):
 garbage-first heap   total 75776K, used 20548K [0x0000000703800000, 0x0000000800000000)
  region size 2048K, 0 young (0K), 0 survivors (0K)
 Metaspace       used 47656K, committed 48320K, reserved 1114112K
  class space    used 6449K, committed 6720K, reserved 1048576K
}

