# JRE version: Java(TM) SE Runtime Environment (21.0.2+13) (build 21.0.2+13-LTS-58)
# Java VM: Java HotSpot(TM) 64-Bit Server VM (21.0.2+13-LTS-58, mixed mode, emulated-client, sharing, tiered, compressed oops, compressed class ptrs, g1 gc, windows-amd64)
GC Precious Log:
 CardTable entry size: 512
 Card Set container configuration: InlinePtr #cards 4 size 8 Array Of Cards #cards 16 size 48 Howl #buckets 8 coarsen threshold 3686 Howl Bitmap #cards 512 size 80 coarsen threshold 460 Card regions per heap region 1 cards per card region 4096
 CPUs: 16 total, 16 available
 Memory: 16159M
 Large Page Support: Disabled
 NUMA Support: Disabled
 Compressed Oops: Enabled (Zero based)
 Heap Region Size: 2M
 Heap Min Capacity: 8M
 Heap Initial Capacity: 254M
 Heap Max Capacity: 4040M
 Pre-touch: Disabled
 Parallel Workers: 13
 Concurrent Workers: 3
 Concurrent Refinement Workers: 13
 Periodic GC: Disabled
Heap:
 garbage-first heap   total 61440K, used 21876K [0x0000000703800000, 0x0000000800000000)
  region size 2048K, 2 young (4096K), 2 survivors (4096K)
 Metaspace       used 43979K, committed 44736K, reserved 1114112K
  class space    used 5910K, committed 6208K, reserved 1048576K
GC Heap History (20 events):
Event: 4981.441 GC heap after
{Heap after GC invocations=63 (full 6):
 garbage-first heap   total 75776K, used 21950K [0x0000000703800000, 0x0000000800000000)
  region size 2048K, 1 young (2048K), 1 survivors (2048K)
 Metaspace       used 44112K, committed 44736K, reserved 1114112K
  class space    used 5936K, committed 6208K, reserved 1048576K
}
Event: 5026.110 GC heap before
{Heap before GC invocations=63 (full 6):
 garbage-first heap   total 75776K, used 62910K [0x0000000703800000, 0x0000000800000000)
  region size 2048K, 21 young (43008K), 1 survivors (2048K)
 Metaspace       used 44112K, committed 44736K, reserved 1114112K
  class space    used 5936K, committed 6208K, reserved 1048576K
}
Event: 5026.115 GC heap after
{Heap after GC invocations=64 (full 6):
 garbage-first heap   total 75776K, used 21868K [0x0000000703800000, 0x0000000800000000)
  region size 2048K, 1 young (2048K), 1 survivors (2048K)
 Metaspace       used 44112K, committed 44736K, reserved 1114112K
  class space    used 5936K, committed 6208K, reserved 1048576K
}
Event: 5061.537 GC heap before
{Heap before GC invocations=65 (full 6):
 garbage-first heap   total 75776K, used 54636K [0x0000000703800000, 0x0000000800000000)
  region size 2048K, 18 young (36864K), 1 survivors (2048K)
 Metaspace       used 44043K, committed 44736K, reserved 1114112K
  class space    used 5920K, committed 6208K, reserved 1048576K
}
Event: 5061.572 GC heap after
{Heap after GC invocations=66 (full 7):
 garbage-first heap   total 61440K, used 16388K [0x0000000703800000, 0x0000000800000000)
  region size 2048K, 0 young (0K), 0 survivors (0K)
 Metaspace       used 43635K, committed 44736K, reserved 1114112K
  class space    used 5837K, committed 6208K, reserved 1048576K
}
Event: 5061.918 GC heap before
{Heap before GC invocations=66 (full 7):
 garbage-first heap   total 61440K, used 51204K [0x0000000703800000, 0x0000000800000000)
  region size 2048K, 18 young (36864K), 0 survivors (0K)
 Metaspace       used 43790K, committed 44736K, reserved 1114112K
  class space    used 5875K, committed 6208K, reserved 1048576K
}
Event: 5061.923 GC heap after
{Heap after GC invocations=67 (full 7):
 garbage-first heap   total 61440K, used 20538K [0x0000000703800000, 0x0000000800000000)
  region size 2048K, 3 young (6144K), 3 survivors (6144K)
 Metaspace       used 43790K, committed 44736K, reserved 1114112K
  class space    used 5875K, committed 6208K, reserved 1048576K
}
Event: 5063.551 GC heap before
{Heap before GC invocations=68 (full 7):
 garbage-first heap   total 61440K, used 47162K [0x0000000703800000, 0x0000000800000000)
  region size 2048K, 16 young (32768K), 3 survivors (6144K)
 Metaspace       used 43868K, committed 44736K, reserved 1114112K
  class space    used 5892K, committed 6208K, reserved 1048576K
}
Event: 5063.554 GC heap after
{Heap after GC invocations=69 (full 7):
 garbage-first heap   total 61440K, used 20495K [0x0000000703800000, 0x0000000800000000)
  region size 2048K, 2 young (4096K), 2 survivors (4096K)
 Metaspace       used 43868K, committed 44736K, reserved 1114112K
  class space    used 5892K, committed 6208K, reserved 1048576K
}
Event: 5065.181 GC heap before
{Heap before GC invocations=69 (full 7):
 garbage-first heap   total 61440K, used 47119K [0x0000000703800000, 0x0000000800000000)
  region size 2048K, 16 young (32768K), 2 survivors (4096K)
 Metaspace       used 43920K, committed 44736K, reserved 1114112K
  class space    used 5900K, committed 6208K, reserved 1048576K
}
Event: 5065.183 GC heap after
{Heap after GC invocations=70 (full 7):
 garbage-first heap   total 61440K, used 19450K [0x0000000703800000, 0x0000000800000000)
  region size 2048K, 1 young (2048K), 1 survivors (2048K)
 Metaspace       used 43920K, committed 44736K, reserved 1114112K
  class space    used 5900K, committed 6208K, reserved 1048576K
}
Event: 5065.787 GC heap before
{Heap before GC invocations=70 (full 7):
 garbage-first heap   total 61440K, used 54266K [0x0000000703800000, 0x0000000800000000)
  region size 2048K, 18 young (36864K), 1 survivors (2048K)
 Metaspace       used 43982K, committed 44736K, reserved 1114112K
  class space    used 5912K, committed 6208K, reserved 1048576K
}
Event: 5065.790 GC heap after
{Heap after GC invocations=71 (full 7):
 garbage-first heap   total 61440K, used 20898K [0x0000000703800000, 0x0000000800000000)
  region size 2048K, 2 young (4096K), 2 survivors (4096K)
 Metaspace       used 43982K, committed 44736K, reserved 1114112K
  class space    used 5912K, committed 6208K, reserved 1048576K
}
Event: 5080.172 GC heap before
{Heap before GC invocations=72 (full 7):
 garbage-first heap   total 61440K, used 51618K [0x0000000703800000, 0x0000000800000000)
  region size 2048K, 17 young (34816K), 2 survivors (4096K)
 Metaspace       used 43988K, committed 44736K, reserved 1114112K
  class space    used 5914K, committed 6208K, reserved 1048576K
}
Event: 5080.174 GC heap after
{Heap after GC invocations=73 (full 7):
 garbage-first heap   total 61440K, used 20879K [0x0000000703800000, 0x0000000800000000)
  region size 2048K, 2 young (4096K), 2 survivors (4096K)
 Metaspace       used 43988K, committed 44736K, reserved 1114112K
  class space    used 5914K, committed 6208K, reserved 1048576K
}
Event: 5080.369 GC heap before
{Heap before GC invocations=73 (full 7):
 garbage-first heap   total 61440K, used 49551K [0x0000000703800000, 0x0000000800000000)
  region size 2048K, 17 young (34816K), 2 survivors (4096K)
 Metaspace       used 44068K, committed 44736K, reserved 1114112K
  class space    used 5931K, committed 6208K, reserved 1048576K
}
Event: 5080.371 GC heap after
{Heap after GC invocations=74 (full 7):
 garbage-first heap   total 61440K, used 22826K [0x0000000703800000, 0x0000000800000000)
  region size 2048K, 3 young (6144K), 3 survivors (6144K)
 Metaspace       used 44068K, committed 44736K, reserved 1114112K
  class space    used 5931K, committed 6208K, reserved 1048576K
}
Event: 5082.843 GC heap before
{Heap before GC invocations=74 (full 7):
 garbage-first heap   total 61440K, used 28970K [0x0000000703800000, 0x0000000800000000)
  region size 2048K, 7 young (14336K), 3 survivors (6144K)
 Metaspace       used 44075K, committed 44736K, reserved 1114112K
  class space    used 5932K, committed 6208K, reserved 1048576K
}
Event: 5082.875 GC heap after
{Heap after GC invocations=75 (full 8):
 garbage-first heap   total 61440K, used 18705K [0x0000000703800000, 0x0000000800000000)
  region size 2048K, 0 young (0K), 0 survivors (0K)
 Metaspace       used 43935K, committed 44736K, reserved 1114112K
  class space    used 5901K, committed 6208K, reserved 1048576K
}
Event: 5084.294 GC heap before
{Heap before GC invocations=75 (full 8):
 garbage-first heap   total 61440K, used 49425K [0x0000000703800000, 0x0000000800000000)
  region size 2048K, 16 young (32768K), 0 survivors (0K)
 Metaspace       used 43979K, committed 44736K, reserved 1114112K
  class space    used 5910K, committed 6208K, reserved 1048576K
}

